T52A4 6359:632.491   SEGGER J-Link V7.60b Log File
T52A4 6359:632.578   DLL Compiled: Dec 22 2021 12:50:18
T52A4 6359:632.597   Logging started @ 2022-04-25 17:36
T52A4 6359:632.616 - 58.899ms
T52A4 6359:636.299 JLINK_GetHWStatus(...)
T52A4 6359:636.500 - 0.215ms returns 0
T5FB8 6360:635.742 JLINK_EMU_GetList(InterfaceMask = 0x00000001, MaxInfos = 0x00000032) 
T5FB8 6360:636.343   [0]: USB, S/N: 960033489
T5FB8 6360:636.382 - 0.650ms returns 1
T5FB8 6360:636.428 JLINK_EMU_GetList(InterfaceMask = 0x00000002, MaxInfos = 0x00000032) 
T5FB8 6360:659.960 - 23.595ms returns 0
T5FB8 6361:727.587 JLINK_EMU_GetList(InterfaceMask = 0x00000001, MaxInfos = 0x00000032) 
T5FB8 6361:728.168   [0]: USB, S/N: 960033489
T5FB8 6361:728.204 - 5.578ms returns 1
T5FB8 6361:733.226 JLINK_EMU_GetList(InterfaceMask = 0x00000002, MaxInfos = 0x00000032) 
T5FB8 6361:755.958 - 22.744ms returns 0
T5FB8 6362:828.762 JLINK_EMU_GetList(InterfaceMask = 0x00000001, MaxInfos = 0x00000032) 
T5FB8 6362:829.338   [0]: USB, S/N: 960033489
T5FB8 6362:829.349 - 0.590ms returns 1
T5FB8 6362:829.377 JLINK_EMU_GetList(InterfaceMask = 0x00000002, MaxInfos = 0x00000032) 
T5FB8 6362:852.348 - 22.980ms returns 0
T52A4 6363:271.171 JLINK_Close()
T52A4 6363:275.646 - 4.494ms
T52A4 6363:275.669   
T52A4 6363:275.676   Closed
